{
  "RSpec": {
    "coverage": {
      "/Users/joegalvin/turing/3module/projects/astroflow_fe/app/helpers/application_helper.rb": {
        "lines": [
          1,
          null
        ]
      },
      "/Users/joegalvin/turing/3module/projects/astroflow_fe/app/models/user.rb": {
        "lines": [
          1,
          1,
          1,
          1,
          null
        ]
      },
      "/Users/joegalvin/turing/3module/projects/astroflow_fe/app/models/application_record.rb": {
        "lines": [
          1,
          1,
          null
        ]
      },
      "/Users/joegalvin/turing/3module/projects/astroflow_fe/app/controllers/welcome_controller.rb": {
        "lines": [
          1,
          1,
          null,
          null,
          null,
          null
        ]
      },
      "/Users/joegalvin/turing/3module/projects/astroflow_fe/app/controllers/application_controller.rb": {
        "lines": [
          1,
          1,
          null,
          1,
          0,
          null,
          null,
          1,
          7,
          null,
          null,
          1,
          0,
          null,
          null
        ]
      },
      "/Users/joegalvin/turing/3module/projects/astroflow_fe/app/controllers/users_controller.rb": {
        "lines": [
          1,
          null,
          1,
          3,
          3,
          3,
          3,
          3,
          3,
          3,
          null,
          0,
          null,
          null,
          null,
          1,
          3,
          3,
          0,
          0,
          null,
          null,
          null,
          null,
          1,
          0,
          0,
          0,
          null,
          0,
          0,
          0,
          null,
          null,
          1,
          0,
          0,
          0,
          0,
          null,
          null,
          null,
          null,
          1,
          0,
          0,
          null,
          null,
          1,
          null,
          1,
          0,
          null,
          null,
          null
        ]
      },
      "/Users/joegalvin/turing/3module/projects/astroflow_fe/app/facades/user_facade.rb": {
        "lines": [
          1,
          1,
          1,
          3,
          null,
          null,
          null
        ]
      },
      "/Users/joegalvin/turing/3module/projects/astroflow_fe/app/services/user_service.rb": {
        "lines": [
          1,
          1,
          1,
          3,
          null,
          1,
          1,
          3,
          null,
          null,
          null
        ]
      },
      "/Users/joegalvin/turing/3module/projects/astroflow_fe/app/mailers/application_mailer.rb": {
        "lines": [
          0,
          0,
          0,
          0
        ],
        "branches": {
        }
      },
      "/Users/joegalvin/turing/3module/projects/astroflow_fe/app/facades/flowchart_facade.rb": {
        "lines": [
          0,
          0,
          0,
          0,
          0,
          0,
          0
        ],
        "branches": {
        }
      },
      "/Users/joegalvin/turing/3module/projects/astroflow_fe/app/facades/horoscope_facade.rb": {
        "lines": [
          0,
          0,
          0,
          0,
          0,
          0,
          null,
          null,
          null,
          null,
          null,
          null,
          null,
          null,
          null,
          0,
          null,
          0,
          0,
          0,
          null,
          0,
          0,
          0,
          0,
          0,
          null,
          0,
          0,
          0,
          0,
          null,
          0,
          0,
          0,
          0
        ],
        "branches": {
        }
      },
      "/Users/joegalvin/turing/3module/projects/astroflow_fe/app/poros/horoscope.rb": {
        "lines": [
          0,
          0,
          0,
          0,
          null,
          0,
          0,
          0,
          0,
          0,
          0,
          0,
          0,
          0,
          0,
          0,
          0
        ],
        "branches": {
        }
      },
      "/Users/joegalvin/turing/3module/projects/astroflow_fe/app/jobs/application_job.rb": {
        "lines": [
          0,
          0
        ],
        "branches": {
        }
      },
      "/Users/joegalvin/turing/3module/projects/astroflow_fe/app/controllers/flowchart_controller.rb": {
        "lines": [
          0,
          null,
          0,
          0,
          null,
          0,
          0,
          0,
          null,
          null,
          null,
          null,
          null,
          0,
          0,
          0,
          null,
          0,
          null,
          0,
          0,
          0,
          0
        ],
        "branches": {
        }
      },
      "/Users/joegalvin/turing/3module/projects/astroflow_fe/app/services/horoscope_service.rb": {
        "lines": [
          0,
          0,
          0,
          0,
          0,
          0,
          null,
          0,
          null,
          0,
          0,
          0,
          null,
          0,
          0,
          0,
          0,
          0
        ],
        "branches": {
        }
      },
      "/Users/joegalvin/turing/3module/projects/astroflow_fe/app/services/flowchart_service.rb": {
        "lines": [
          0,
          0,
          0,
          0,
          0,
          null,
          0,
          null,
          0,
          0,
          0,
          0,
          0
        ],
        "branches": {
        }
      },
      "/Users/joegalvin/turing/3module/projects/astroflow_fe/app/services/astrology_service.rb": {
        "lines": [
          0,
          0,
          null,
          0,
          0,
          0,
          0,
          null,
          0,
          0,
          0,
          0,
          null,
          0,
          null,
          0,
          0,
          0,
          null,
          0,
          0,
          0,
          null,
          0,
          0
        ],
        "branches": {
        }
      },
      "/Users/joegalvin/turing/3module/projects/astroflow_fe/app/channels/application_cable/connection.rb": {
        "lines": [
          0,
          0,
          0,
          0
        ],
        "branches": {
        }
      },
      "/Users/joegalvin/turing/3module/projects/astroflow_fe/app/channels/application_cable/channel.rb": {
        "lines": [
          0,
          0,
          0,
          0
        ],
        "branches": {
        }
      }
    },
    "timestamp": 1650491054
  }
}
